<?xml version="1.0" encoding="UTF-8"?>
<!-- Generated by org.testng.reporters.JUnitReportReporter -->
<testsuite hostname="TYSS-Ayesha" failures="0" tests="1" name="TestScripts.verifyuserableAddtoCart" time="16.681" errors="0" timestamp="2024-01-18T13:24:45 IST" skipped="0">
  <testcase classname="TestScripts.verifyuserableAddtoCart" name="WishlistTestcase" time="16.681"/>
  <system-out/>
</testsuite> <!-- TestScripts.verifyuserableAddtoCart -->
