<?xml version="1.0" encoding="UTF-8"?>
<!-- Generated by org.testng.reporters.JUnitReportReporter -->
<testsuite hostname="TYSS-Ayesha" failures="0" tests="1" name="TestScripts.addproducttoCart" time="4.983" errors="0" timestamp="2024-01-18T12:49:35 IST" skipped="0">
  <testcase classname="TestScripts.addproducttoCart" name="AddtocartTestCase" time="4.983"/>
  <system-out/>
</testsuite> <!-- TestScripts.addproducttoCart -->
